\BOOKMARK [0][-]{chapter*.1}{Acknowledgments}{}% 1
\BOOKMARK [0][-]{chapter*.2}{Abstract}{}% 2
\BOOKMARK [0][-]{tocmark.0}{Contents}{}% 3
\BOOKMARK [0][-]{chapter.1}{Introduction}{}% 4
\BOOKMARK [1][-]{section.1.1}{Topic}{chapter.1}% 5
\BOOKMARK [1][-]{section.1.2}{Research Question}{chapter.1}% 6
\BOOKMARK [1][-]{section.1.3}{Thesis Outline}{chapter.1}% 7
\BOOKMARK [1][-]{section.1.4}{Significance}{chapter.1}% 8
\BOOKMARK [0][-]{chapter.2}{Natural Language and Gestures}{}% 9
\BOOKMARK [1][-]{section.2.1}{Inter-communicative gestures}{chapter.2}% 10
\BOOKMARK [1][-]{section.2.2}{Forms of inter-communicative gestures}{chapter.2}% 11
\BOOKMARK [1][-]{section.2.3}{Elements of gestural communication}{chapter.2}% 12
\BOOKMARK [1][-]{section.2.4}{Cultural variation and significance}{chapter.2}% 13
\BOOKMARK [1][-]{section.2.5}{Variation in performance of gestures}{chapter.2}% 14
\BOOKMARK [0][-]{chapter.3}{A Survey of Gestural Interfaces}{}% 15
\BOOKMARK [1][-]{section.3.1}{Definition}{chapter.3}% 16
\BOOKMARK [1][-]{section.3.2}{Intended Purpose and Origins}{chapter.3}% 17
\BOOKMARK [2][-]{subsection.3.2.1}{Natural Language Interaction}{section.3.2}% 18
\BOOKMARK [2][-]{subsection.3.2.2}{Expressiveness}{section.3.2}% 19
\BOOKMARK [1][-]{section.3.3}{Development and Implementation}{chapter.3}% 20
\BOOKMARK [2][-]{subsection.3.3.1}{Two-dimensional / iconographic}{section.3.3}% 21
\BOOKMARK [2][-]{subsection.3.3.2}{Pen and tablet input}{section.3.3}% 22
\BOOKMARK [2][-]{subsection.3.3.3}{Motion sensing and towards "hands free"}{section.3.3}% 23
\BOOKMARK [2][-]{subsection.3.3.4}{Gesture Capture Devices}{section.3.3}% 24
\BOOKMARK [1][-]{section.3.4}{Techniques in Recognition}{chapter.3}% 25
\BOOKMARK [0][-]{chapter.4}{Implementation and Usage of Gestural Interfaces}{}% 26
\BOOKMARK [1][-]{section.4.1}{Pointing Interfaces}{chapter.4}% 27
\BOOKMARK [2][-]{subsection.4.1.1}{Implementation}{section.4.1}% 28
\BOOKMARK [2][-]{subsection.4.1.2}{Design}{section.4.1}% 29
\BOOKMARK [2][-]{subsection.4.1.3}{Implementation Methodology}{section.4.1}% 30
\BOOKMARK [3][-]{subsubsection.4.1.3.1}{Design Constraints}{subsection.4.1.3}% 31
\BOOKMARK [3][-]{subsubsection.4.1.3.2}{Pointing Recognition}{subsection.4.1.3}% 32
\BOOKMARK [3][-]{subsubsection.4.1.3.3}{Practical Issues}{subsection.4.1.3}% 33
\BOOKMARK [1][-]{section.4.2}{System Performance}{chapter.4}% 34
\BOOKMARK [0][-]{chapter.5}{Performance with Pointing Gestures}{}% 35
\BOOKMARK [1][-]{section.5.1}{Actual and Perceived Interface Functionality}{chapter.5}% 36
\BOOKMARK [2][-]{subsection.5.1.1}{Natural Computing}{section.5.1}% 37
\BOOKMARK [1][-]{section.5.2}{Study 1}{chapter.5}% 38
\BOOKMARK [1][-]{section.5.3}{Changing the user perception}{chapter.5}% 39
\BOOKMARK [1][-]{section.5.4}{A Comparison of Pointing Devices}{chapter.5}% 40
\BOOKMARK [2][-]{subsection.5.4.1}{Aim}{section.5.4}% 41
\BOOKMARK [3][-]{subsubsection.5.4.1.1}{Performance}{subsection.5.4.1}% 42
\BOOKMARK [3][-]{subsubsection.5.4.1.2}{Ergonomics}{subsection.5.4.1}% 43
\BOOKMARK [3][-]{subsubsection.5.4.1.3}{Preference}{subsection.5.4.1}% 44
\BOOKMARK [2][-]{subsection.5.4.2}{System}{section.5.4}% 45
\BOOKMARK [3][-]{subsubsection.5.4.2.1}{Wired Glove}{subsection.5.4.2}% 46
\BOOKMARK [3][-]{subsubsection.5.4.2.2}{Wand}{subsection.5.4.2}% 47
\BOOKMARK [3][-]{subsubsection.5.4.2.3}{Gyroscopic Mouse}{subsection.5.4.2}% 48
\BOOKMARK [2][-]{subsection.5.4.3}{Method}{section.5.4}% 49
\BOOKMARK [3][-]{subsubsection.5.4.3.1}{System}{subsection.5.4.3}% 50
\BOOKMARK [3][-]{subsubsection.5.4.3.2}{Tasks}{subsection.5.4.3}% 51
\BOOKMARK [3][-]{subsubsection.5.4.3.3}{Measurements}{subsection.5.4.3}% 52
\BOOKMARK [2][-]{subsection.5.4.4}{Results}{section.5.4}% 53
\BOOKMARK [3][-]{subsubsection.5.4.4.1}{Performance}{subsection.5.4.4}% 54
\BOOKMARK [3][-]{subsubsection.5.4.4.2}{Ergonomics}{subsection.5.4.4}% 55
\BOOKMARK [2][-]{subsection.5.4.5}{Discussion of Results}{section.5.4}% 56
\BOOKMARK [3][-]{subsubsection.5.4.5.1}{Trial Caveats}{subsection.5.4.5}% 57
\BOOKMARK [1][-]{section.5.5}{Followup Studies}{chapter.5}% 58
\BOOKMARK [2][-]{subsection.5.5.1}{Changes in Study Method}{section.5.5}% 59
\BOOKMARK [2][-]{subsection.5.5.2}{Standing and seated postures}{section.5.5}% 60
\BOOKMARK [3][-]{subsubsection.5.5.2.1}{Results}{subsection.5.5.2}% 61
\BOOKMARK [3][-]{subsubsection.5.5.2.2}{Discussion}{subsection.5.5.2}% 62
\BOOKMARK [2][-]{subsection.5.5.3}{Hand shape}{section.5.5}% 63
\BOOKMARK [3][-]{subsubsection.5.5.3.1}{Results}{subsection.5.5.3}% 64
\BOOKMARK [3][-]{subsubsection.5.5.3.2}{Discussion}{subsection.5.5.3}% 65
\BOOKMARK [2][-]{subsection.5.5.4}{Identifying Optimal Attributes for 3D Interfaces}{section.5.5}% 66
\BOOKMARK [3][-]{subsubsection.5.5.4.1}{Introduction}{subsection.5.5.4}% 67
\BOOKMARK [3][-]{subsubsection.5.5.4.2}{Methodology}{subsection.5.5.4}% 68
\BOOKMARK [4][-]{section*.71}{System}{subsubsection.5.5.4.2}% 69
\BOOKMARK [4][-]{section*.72}{Input Devices}{subsubsection.5.5.4.2}% 70
\BOOKMARK [3][-]{subsubsection.5.5.4.3}{Experimental Methodology}{subsection.5.5.4}% 71
\BOOKMARK [3][-]{subsubsection.5.5.4.4}{Results}{subsection.5.5.4}% 72
\BOOKMARK [4][-]{table.5.6}{Performance}{subsubsection.5.5.4.4}% 73
\BOOKMARK [4][-]{section*.74}{Preference and Fatigue}{subsubsection.5.5.4.4}% 74
\BOOKMARK [4][-]{section*.75}{Discussion}{subsubsection.5.5.4.4}% 75
\BOOKMARK [0][-]{chapter.6}{Performing with Freeform Gestures}{}% 76
\BOOKMARK [1][-]{section.6.1}{Future Work}{chapter.6}% 77
\BOOKMARK [0][-]{chapter.7}{Conclusion}{}% 78
\BOOKMARK [1][-]{section.7.1}{Who even knows...}{chapter.7}% 79
